<?xml version="1.0" encoding="UTF-8"?>
<!-- Generated by org.testng.reporters.JUnitReportReporter -->
<testsuite hostname="DESKTOP-L6I33ED" failures="0" tests="3" name="test.EmployeeLeaveServiceTest" time="0.585" errors="0" timestamp="2023-07-02T03:51:25 IST" skipped="0">
  <testcase classname="test.EmployeeLeaveServiceTest" name="testCalculateLeavesTaken_NoLeaves" time="0.013"/>
  <testcase classname="test.EmployeeLeaveServiceTest" name="testCalculateLeavesTaken_WithLeaves" time="0.565"/>
  <testcase classname="test.EmployeeLeaveServiceTest" name="testCalculateLeavesTaken_PendingLeaves" time="0.007"/>
</testsuite> <!-- test.EmployeeLeaveServiceTest -->
