<?xml version="1.0" encoding="UTF-8"?>
<!-- Generated by org.testng.reporters.JUnitReportReporter -->
<testsuite hostname="PENNANT-VSP185" failures="0" tests="10" name="test.CandidateDAOImplTest" time="0.913" errors="0" timestamp="2023-07-01T17:17:26 IST" skipped="0">
  <testcase classname="test.CandidateDAOImplTest" name="testInsertEofrInto" time="0.003"/>
  <testcase classname="test.CandidateDAOImplTest" name="testFindAllIssuedCandidates" time="0.095"/>
  <testcase classname="test.CandidateDAOImplTest" name="testGetHrById" time="0.004"/>
  <testcase classname="test.CandidateDAOImplTest" name="testGetCandidateById" time="0.006"/>
  <testcase classname="test.CandidateDAOImplTest" name="testGetMaxDocIndexFromDatabase" time="0.003"/>
  <testcase classname="test.CandidateDAOImplTest" name="testGetAllCandidates" time="0.795"/>
  <testcase classname="test.CandidateDAOImplTest" name="testSaveCandidate" time="0.001"/>
  <testcase classname="test.CandidateDAOImplTest" name="testFindAllProvidedCandidates" time="0.002"/>
  <testcase classname="test.CandidateDAOImplTest" name="testGetAllDocuments" time="0.002"/>
  <testcase classname="test.CandidateDAOImplTest" name="testGetLatestEofrIdFromDatabase" time="0.002"/>
</testsuite> <!-- test.CandidateDAOImplTest -->
