<?xml version="1.0" encoding="UTF-8"?>
<!-- Generated by org.testng.reporters.JUnitReportReporter -->
<testsuite hostname="PENNANT-VSP185" failures="0" tests="3" name="test.HolidayDAOImplTest" time="0.975" errors="0" timestamp="2023-07-01T17:40:41 IST" skipped="0">
  <testcase classname="test.HolidayDAOImplTest" name="testFindAllGradeHolidays" time="0.031"/>
  <testcase classname="test.HolidayDAOImplTest" name="testFindAllHolidays" time="0.942"/>
  <testcase classname="test.HolidayDAOImplTest" name="testFindHolidayById" time="0.002"/>
</testsuite> <!-- test.HolidayDAOImplTest -->
