<?xml version="1.0" encoding="UTF-8"?>
<!-- Generated by org.testng.reporters.JUnitReportReporter -->
<testsuite hostname="PENNANT-VSP185" failures="0" tests="8" name="test.EmployeeDAOImplTest" time="0.890" errors="0" timestamp="2023-07-01T17:27:05 IST" skipped="0">
  <testcase classname="test.EmployeeDAOImplTest" name="testGetEmployee" time="0.003"/>
  <testcase classname="test.EmployeeDAOImplTest" name="testGetEmployeesByHRAndManager" time="0.003"/>
  <testcase classname="test.EmployeeDAOImplTest" name="testUpdateEmployeeStatus" time="0.002"/>
  <testcase classname="test.EmployeeDAOImplTest" name="testInsertEmployee" time="0.016"/>
  <testcase classname="test.EmployeeDAOImplTest" name="testUpdateEmployee" time="0.812"/>
  <testcase classname="test.EmployeeDAOImplTest" name="testGetAllEmployees" time="0.045"/>
  <testcase classname="test.EmployeeDAOImplTest" name="testGetEmployeeParametersById" time="0.003"/>
  <testcase classname="test.EmployeeDAOImplTest" name="testGetEmployeeById" time="0.006"/>
</testsuite> <!-- test.EmployeeDAOImplTest -->
