<?xml version="1.0" encoding="UTF-8"?>
<!-- Generated by org.testng.reporters.JUnitReportReporter -->
<testsuite hostname="DESKTOP-L6I33ED" failures="0" tests="8" name="test.EmployeeAttendanceServiceTest" time="1.074" errors="0" timestamp="2023-07-02T04:09:19 IST" skipped="0">
  <testcase classname="test.EmployeeAttendanceServiceTest" name="testGetYesterdayPunchData" time="0.977"/>
  <testcase classname="test.EmployeeAttendanceServiceTest" name="testCalculateAttendance" time="0.041"/>
  <testcase classname="test.EmployeeAttendanceServiceTest" name="testGetYears" time="0.019"/>
  <testcase classname="test.EmployeeAttendanceServiceTest" name="testGetAvgPunchInAndOut_WithValidData_ReturnsAveragePunchInAndOutTimes" time="0.006"/>
  <testcase classname="test.EmployeeAttendanceServiceTest" name="testInsertEmployeeAttendance" time="0.008"/>
  <testcase classname="test.EmployeeAttendanceServiceTest" name="testConvertToDateTime_WhenCellContainsDateTime_ReturnsDateTimeValue" time="0.005"/>
  <testcase classname="test.EmployeeAttendanceServiceTest" name="testGetAvgPunchInAndOut_WithNoPunchData_ReturnsEmptyList" time="0.014"/>
  <testcase classname="test.EmployeeAttendanceServiceTest" name="testConvertToDateTime_WhenCellDoesNotContainDateTime_ReturnsNull" time="0.004"/>
</testsuite> <!-- test.EmployeeAttendanceServiceTest -->
