<?xml version="1.0" encoding="UTF-8"?>
<!-- Generated by org.testng.reporters.JUnitReportReporter -->
<testsuite hostname="DESKTOP-L6I33ED" failures="0" tests="3" name="test.EmployeeLeaveServiceTest" time="0.549" errors="0" timestamp="2023-07-02T04:09:29 IST" skipped="0">
  <testcase classname="test.EmployeeLeaveServiceTest" name="testCalculateLeavesTaken_NoLeaves" time="0.018"/>
  <testcase classname="test.EmployeeLeaveServiceTest" name="testCalculateLeavesTaken_WithLeaves" time="0.526"/>
  <testcase classname="test.EmployeeLeaveServiceTest" name="testCalculateLeavesTaken_PendingLeaves" time="0.005"/>
</testsuite> <!-- test.EmployeeLeaveServiceTest -->
